{"numTotalTestSuites":2,"numPassedTestSuites":2,"numFailedTestSuites":0,"numPendingTestSuites":0,"numTotalTests":3,"numPassedTests":3,"numFailedTests":0,"numPendingTests":0,"numTodoTests":0,"startTime":1765328094755,"success":true,"testResults":[{"assertionResults":[{"ancestorTitles":["","Employees of the Month (Top Stakers)"],"fullName":" Employees of the Month (Top Stakers) should fetch current employees of the month from Supabase","status":"passed","title":"should fetch current employees of the month from Supabase","duration":776,"failureMessages":[]},{"ancestorTitles":["","Employees of the Month (Top Stakers)"],"fullName":" Employees of the Month (Top Stakers) should handle empty database gracefully","status":"passed","title":"should handle empty database gracefully","duration":166,"failureMessages":[]},{"ancestorTitles":["","Employees of the Month (Top Stakers)"],"fullName":" Employees of the Month (Top Stakers) should verify Supabase configuration","status":"passed","title":"should verify Supabase configuration","duration":0,"failureMessages":[]}],"startTime":1765328095849,"endTime":1765328096792,"status":"passed","message":"","name":"C:/Users/epj33/Desktop/InnKeeper/apps/web/__tests__/api/staking-top-stakers.test.ts"}]}