{"numTotalTestSuites":66,"numPassedTestSuites":66,"numFailedTestSuites":0,"numPendingTestSuites":0,"numTotalTests":117,"numPassedTests":112,"numFailedTests":5,"numPendingTests":0,"numTodoTests":0,"startTime":1764772470527,"success":false,"testResults":[{"assertionResults":[{"ancestorTitles":["","Contract Configuration","Contract Registry"],"fullName":" Contract Configuration Contract Registry should have all contracts defined in registry","status":"passed","title":"should have all contracts defined in registry","duration":2,"failureMessages":[]},{"ancestorTitles":["","Contract Configuration","Contract Registry"],"fullName":" Contract Configuration Contract Registry should have all required contract addresses configured","status":"passed","title":"should have all required contract addresses configured","duration":0,"failureMessages":[]},{"ancestorTitles":["","Contract Configuration","Contract Registry"],"fullName":" Contract Configuration Contract Registry should have valid Ethereum addresses (not placeholders)","status":"passed","title":"should have valid Ethereum addresses (not placeholders)","duration":5,"failureMessages":[]},{"ancestorTitles":["","Contract Configuration","Comprehensive Contract Validation"],"fullName":" Contract Configuration Comprehensive Contract Validation should validate all contracts using the validator system","status":"passed","title":"should validate all contracts using the validator system","duration":21013,"failureMessages":[]},{"ancestorTitles":["","Contract Configuration","Comprehensive Contract Validation"],"fullName":" Contract Configuration Comprehensive Contract Validation should validate proxy configurations for upgradeable contracts","status":"passed","title":"should validate proxy configurations for upgradeable contracts","duration":20851,"failureMessages":[]},{"ancestorTitles":["","Contract Configuration","Contract Address Consistency"],"fullName":" Contract Configuration Contract Address Consistency should use same addresses as defined in registry","status":"passed","title":"should use same addresses as defined in registry","duration":0,"failureMessages":[]},{"ancestorTitles":["","Contract Configuration","Contract Address Format"],"fullName":" Contract Configuration Contract Address Format should have all addresses in correct format (0x followed by 40 hex chars)","status":"passed","title":"should have all addresses in correct format (0x followed by 40 hex chars)","duration":0,"failureMessages":[]}],"startTime":1764772478292,"endTime":1764772520164,"status":"passed","message":"","name":"C:/Users/epj33/Desktop/InnKeeper/apps/web/__tests__/lib/contracts.test.ts"},{"assertionResults":[{"ancestorTitles":["","Queue"],"fullName":" Queue should create runQueue with correct name","status":"passed","title":"should create runQueue with correct name","duration":1,"failureMessages":[]},{"ancestorTitles":["","Queue"],"fullName":" Queue should create replayQueue with correct name","status":"passed","title":"should create replayQueue with correct name","duration":0,"failureMessages":[]},{"ancestorTitles":["","Queue"],"fullName":" Queue should use Redis connection with maxRetriesPerRequest null","status":"passed","title":"should use Redis connection with maxRetriesPerRequest null","duration":1,"failureMessages":[]}],"startTime":1764772479209,"endTime":1764772479211,"status":"passed","message":"","name":"C:/Users/epj33/Desktop/InnKeeper/apps/web/__tests__/lib/queue.test.ts"},{"assertionResults":[{"ancestorTitles":["","Supabase Client","Environment Variables"],"fullName":" Supabase Client Environment Variables should throw error if SUPABASE_PROJECT_URL is missing","status":"skipped","title":"should throw error if SUPABASE_PROJECT_URL is missing","failureMessages":[]},{"ancestorTitles":["","Supabase Client","Environment Variables"],"fullName":" Supabase Client Environment Variables should throw error if SUPABASE_API_KEY is missing","status":"skipped","title":"should throw error if SUPABASE_API_KEY is missing","failureMessages":[]},{"ancestorTitles":["","Supabase Client","Query Builder"],"fullName":" Supabase Client Query Builder should build select query with eq filter","status":"passed","title":"should build select query with eq filter","duration":4,"failureMessages":[]},{"ancestorTitles":["","Supabase Client","Query Builder"],"fullName":" Supabase Client Query Builder should build insert query","status":"passed","title":"should build insert query","duration":1,"failureMessages":[]},{"ancestorTitles":["","Supabase Client","Query Builder"],"fullName":" Supabase Client Query Builder should build update query with eq filter","status":"passed","title":"should build update query with eq filter","duration":0,"failureMessages":[]},{"ancestorTitles":["","Supabase Client","Query Builder"],"fullName":" Supabase Client Query Builder should handle errors correctly","status":"passed","title":"should handle errors correctly","duration":1,"failureMessages":[]},{"ancestorTitles":["","Supabase Client","Query Builder"],"fullName":" Supabase Client Query Builder should handle network errors","status":"passed","title":"should handle network errors","duration":1,"failureMessages":[]}],"startTime":1764772477606,"endTime":1764772477613,"status":"passed","message":"","name":"C:/Users/epj33/Desktop/InnKeeper/apps/web/__tests__/lib/supabase.test.ts"},{"assertionResults":[{"ancestorTitles":["","POST /api/agents/[id]/converse"],"fullName":" POST /api/agents/[id]/converse should update agent persona and memory","status":"passed","title":"should update agent persona and memory","duration":8,"failureMessages":[]},{"ancestorTitles":["","POST /api/agents/[id]/converse"],"fullName":" POST /api/agents/[id]/converse should return 404 if agent not found","status":"passed","title":"should return 404 if agent not found","duration":2,"failureMessages":[]},{"ancestorTitles":["","POST /api/agents/[id]/converse"],"fullName":" POST /api/agents/[id]/converse should handle errors gracefully","status":"passed","title":"should handle errors gracefully","duration":1,"failureMessages":[]}],"startTime":1764772478558,"endTime":1764772478569,"status":"passed","message":"","name":"C:/Users/epj33/Desktop/InnKeeper/apps/web/__tests__/api/agents-converse.test.ts"},{"assertionResults":[{"ancestorTitles":["","GET /api/dungeons/[id]/map"],"fullName":" GET /api/dungeons/[id]/map should return dungeon map data","status":"passed","title":"should return dungeon map data","duration":6,"failureMessages":[]},{"ancestorTitles":["","GET /api/dungeons/[id]/map"],"fullName":" GET /api/dungeons/[id]/map should return 404 if dungeon not found","status":"passed","title":"should return 404 if dungeon not found","duration":1,"failureMessages":[]},{"ancestorTitles":["","GET /api/dungeons/[id]/map"],"fullName":" GET /api/dungeons/[id]/map should handle errors gracefully","status":"passed","title":"should handle errors gracefully","duration":1,"failureMessages":[]}],"startTime":1764772478893,"endTime":1764772478901,"status":"passed","message":"","name":"C:/Users/epj33/Desktop/InnKeeper/apps/web/__tests__/api/dungeons-map.test.ts"},{"assertionResults":[{"ancestorTitles":["","POST /api/frames/action"],"fullName":" POST /api/frames/action should process frame action","status":"passed","title":"should process frame action","duration":7,"failureMessages":[]},{"ancestorTitles":["","POST /api/frames/action"],"fullName":" POST /api/frames/action should handle errors gracefully","status":"passed","title":"should handle errors gracefully","duration":1,"failureMessages":[]}],"startTime":1764772479044,"endTime":1764772479052,"status":"passed","message":"","name":"C:/Users/epj33/Desktop/InnKeeper/apps/web/__tests__/api/frames-action.test.ts"},{"assertionResults":[{"ancestorTitles":["","POST /api/frames/validate"],"fullName":" POST /api/frames/validate should validate frame signature","status":"passed","title":"should validate frame signature","duration":7,"failureMessages":[]},{"ancestorTitles":["","POST /api/frames/validate"],"fullName":" POST /api/frames/validate should return 400 if signature is missing","status":"passed","title":"should return 400 if signature is missing","duration":1,"failureMessages":[]},{"ancestorTitles":["","POST /api/frames/validate"],"fullName":" POST /api/frames/validate should return 400 if message is missing","status":"passed","title":"should return 400 if message is missing","duration":1,"failureMessages":[]},{"ancestorTitles":["","POST /api/frames/validate"],"fullName":" POST /api/frames/validate should handle errors gracefully","status":"passed","title":"should handle errors gracefully","duration":1,"failureMessages":[]}],"startTime":1764772478908,"endTime":1764772478918,"status":"passed","message":"","name":"C:/Users/epj33/Desktop/InnKeeper/apps/web/__tests__/api/frames-validate.test.ts"},{"assertionResults":[{"ancestorTitles":["","GET /api/heroes/[tokenId]"],"fullName":" GET /api/heroes/[tokenId] should fetch hero details successfully","status":"passed","title":"should fetch hero details successfully","duration":8,"failureMessages":[]},{"ancestorTitles":["","GET /api/heroes/[tokenId]"],"fullName":" GET /api/heroes/[tokenId] should return 400 if tokenId is missing","status":"passed","title":"should return 400 if tokenId is missing","duration":1,"failureMessages":[]},{"ancestorTitles":["","GET /api/heroes/[tokenId]"],"fullName":" GET /api/heroes/[tokenId] should return 500 if contract not configured","status":"passed","title":"should return 500 if contract not configured","duration":0,"failureMessages":[]},{"ancestorTitles":["","GET /api/heroes/[tokenId]"],"fullName":" GET /api/heroes/[tokenId] should handle metadata fetch errors gracefully","status":"passed","title":"should handle metadata fetch errors gracefully","duration":8,"failureMessages":[]},{"ancestorTitles":["","GET /api/heroes/[tokenId]"],"fullName":" GET /api/heroes/[tokenId] should handle non-HTTP URIs","status":"passed","title":"should handle non-HTTP URIs","duration":2,"failureMessages":[]}],"startTime":1764772478361,"endTime":1764772478380,"status":"passed","message":"","name":"C:/Users/epj33/Desktop/InnKeeper/apps/web/__tests__/api/heroes-tokenId.test.ts"},{"assertionResults":[{"ancestorTitles":["","GET /api/heroes"],"fullName":" GET /api/heroes should fetch heroes for a user","status":"passed","title":"should fetch heroes for a user","duration":8,"failureMessages":[]},{"ancestorTitles":["","GET /api/heroes"],"fullName":" GET /api/heroes should return 400 if userId is missing","status":"passed","title":"should return 400 if userId is missing","duration":1,"failureMessages":[]},{"ancestorTitles":["","GET /api/heroes"],"fullName":" GET /api/heroes should handle database errors","status":"passed","title":"should handle database errors","duration":2,"failureMessages":[]},{"ancestorTitles":["","GET /api/heroes"],"fullName":" GET /api/heroes should return empty array if no heroes found","status":"passed","title":"should return empty array if no heroes found","duration":0,"failureMessages":[]},{"ancestorTitles":["","GET /api/heroes"],"fullName":" GET /api/heroes should convert userId to lowercase for query","status":"passed","title":"should convert userId to lowercase for query","duration":2,"failureMessages":[]}],"startTime":1764772478307,"endTime":1764772478320,"status":"passed","message":"","name":"C:/Users/epj33/Desktop/InnKeeper/apps/web/__tests__/api/heroes.test.ts"},{"assertionResults":[{"ancestorTitles":["","POST /api/inventory/unequip"],"fullName":" POST /api/inventory/unequip should unequip an item successfully","status":"passed","title":"should unequip an item successfully","duration":10,"failureMessages":[]},{"ancestorTitles":["","POST /api/inventory/unequip"],"fullName":" POST /api/inventory/unequip should return 400 if required fields are missing","status":"passed","title":"should return 400 if required fields are missing","duration":1,"failureMessages":[]},{"ancestorTitles":["","POST /api/inventory/unequip"],"fullName":" POST /api/inventory/unequip should return 500 if inventory contract not configured","status":"passed","title":"should return 500 if inventory contract not configured","duration":1,"failureMessages":[]},{"ancestorTitles":["","POST /api/inventory/unequip"],"fullName":" POST /api/inventory/unequip should return 400 if wallet not configured","status":"passed","title":"should return 400 if wallet not configured","duration":2,"failureMessages":[]},{"ancestorTitles":["","POST /api/inventory/unequip"],"fullName":" POST /api/inventory/unequip should default amount to 1 if not provided","status":"passed","title":"should default amount to 1 if not provided","duration":4,"failureMessages":[]},{"ancestorTitles":["","POST /api/inventory/unequip"],"fullName":" POST /api/inventory/unequip should handle errors gracefully","status":"passed","title":"should handle errors gracefully","duration":7,"failureMessages":[]}],"startTime":1764772478471,"endTime":1764772478496,"status":"passed","message":"","name":"C:/Users/epj33/Desktop/InnKeeper/apps/web/__tests__/api/inventory-unequip.test.ts"},{"assertionResults":[{"ancestorTitles":["","POST /api/loot/claim"],"fullName":" POST /api/loot/claim should claim loot successfully","status":"passed","title":"should claim loot successfully","duration":12,"failureMessages":[]},{"ancestorTitles":["","POST /api/loot/claim"],"fullName":" POST /api/loot/claim should return 400 if claimId is missing","status":"passed","title":"should return 400 if claimId is missing","duration":1,"failureMessages":[]},{"ancestorTitles":["","POST /api/loot/claim"],"fullName":" POST /api/loot/claim should return 500 if inventory contract not configured","status":"passed","title":"should return 500 if inventory contract not configured","duration":2,"failureMessages":[]},{"ancestorTitles":["","POST /api/loot/claim"],"fullName":" POST /api/loot/claim should return 400 if wallet not configured","status":"passed","title":"should return 400 if wallet not configured","duration":1,"failureMessages":[]},{"ancestorTitles":["","GET /api/loot/claim"],"fullName":" GET /api/loot/claim should get claim info","status":"passed","title":"should get claim info","duration":3,"failureMessages":[]},{"ancestorTitles":["","GET /api/loot/claim"],"fullName":" GET /api/loot/claim should return 404 if claim not found","status":"passed","title":"should return 404 if claim not found","duration":2,"failureMessages":[]},{"ancestorTitles":["","GET /api/loot/claim"],"fullName":" GET /api/loot/claim should return gas estimate when action=estimate","status":"passed","title":"should return gas estimate when action=estimate","duration":1,"failureMessages":[]},{"ancestorTitles":["","GET /api/loot/claim"],"fullName":" GET /api/loot/claim should return 400 if claimId is missing","status":"passed","title":"should return 400 if claimId is missing","duration":0,"failureMessages":[]},{"ancestorTitles":["","GET /api/loot/claim"],"fullName":" GET /api/loot/claim should return 500 if inventory contract not configured for estimate","status":"passed","title":"should return 500 if inventory contract not configured for estimate","duration":2,"failureMessages":[]}],"startTime":1764772478472,"endTime":1764772478497,"status":"passed","message":"","name":"C:/Users/epj33/Desktop/InnKeeper/apps/web/__tests__/api/loot-claim.test.ts"},{"assertionResults":[{"ancestorTitles":["","POST /api/marketplace/buy"],"fullName":" POST /api/marketplace/buy should buy an item successfully","status":"passed","title":"should buy an item successfully","duration":10,"failureMessages":[]},{"ancestorTitles":["","POST /api/marketplace/buy"],"fullName":" POST /api/marketplace/buy should return 400 if listingId is missing","status":"passed","title":"should return 400 if listingId is missing","duration":1,"failureMessages":[]},{"ancestorTitles":["","POST /api/marketplace/buy"],"fullName":" POST /api/marketplace/buy should return 400 if buyerAddress is missing","status":"passed","title":"should return 400 if buyerAddress is missing","duration":1,"failureMessages":[]},{"ancestorTitles":["","POST /api/marketplace/buy"],"fullName":" POST /api/marketplace/buy should return 400 if wallet not configured","status":"passed","title":"should return 400 if wallet not configured","duration":1,"failureMessages":[]},{"ancestorTitles":["","POST /api/marketplace/buy"],"fullName":" POST /api/marketplace/buy should return 400 if buyerAddress not provided (validation happens before fallback)","status":"passed","title":"should return 400 if buyerAddress not provided (validation happens before fallback)","duration":2,"failureMessages":[]},{"ancestorTitles":["","POST /api/marketplace/buy"],"fullName":" POST /api/marketplace/buy should handle buy errors gracefully","status":"passed","title":"should handle buy errors gracefully","duration":6,"failureMessages":[]}],"startTime":1764772478468,"endTime":1764772478490,"status":"passed","message":"","name":"C:/Users/epj33/Desktop/InnKeeper/apps/web/__tests__/api/marketplace-buy.test.ts"},{"assertionResults":[{"ancestorTitles":["","POST /api/marketplace/list"],"fullName":" POST /api/marketplace/list should list an item successfully","status":"passed","title":"should list an item successfully","duration":11,"failureMessages":[]},{"ancestorTitles":["","POST /api/marketplace/list"],"fullName":" POST /api/marketplace/list should return 400 if required fields are missing","status":"passed","title":"should return 400 if required fields are missing","duration":1,"failureMessages":[]},{"ancestorTitles":["","POST /api/marketplace/list"],"fullName":" POST /api/marketplace/list should return 500 if contract addresses not configured","status":"passed","title":"should return 500 if contract addresses not configured","duration":1,"failureMessages":[]},{"ancestorTitles":["","POST /api/marketplace/list"],"fullName":" POST /api/marketplace/list should return 400 if wallet not configured","status":"passed","title":"should return 400 if wallet not configured","duration":1,"failureMessages":[]},{"ancestorTitles":["","POST /api/marketplace/list"],"fullName":" POST /api/marketplace/list should return 400 if sellerAddress not provided (validation happens before fallback)","status":"passed","title":"should return 400 if sellerAddress not provided (validation happens before fallback)","duration":2,"failureMessages":[]},{"ancestorTitles":["","POST /api/marketplace/list"],"fullName":" POST /api/marketplace/list should handle includesInventory flag","status":"passed","title":"should handle includesInventory flag","duration":3,"failureMessages":[]}],"startTime":1764772478467,"endTime":1764772478486,"status":"passed","message":"","name":"C:/Users/epj33/Desktop/InnKeeper/apps/web/__tests__/api/marketplace-list.test.ts"},{"assertionResults":[{"ancestorTitles":["","GET /api/marketplace/listings"],"fullName":" GET /api/marketplace/listings should fetch all listings","status":"passed","title":"should fetch all listings","duration":13,"failureMessages":[]},{"ancestorTitles":["","GET /api/marketplace/listings"],"fullName":" GET /api/marketplace/listings should filter by assetType","status":"passed","title":"should filter by assetType","duration":2,"failureMessages":[]},{"ancestorTitles":["","GET /api/marketplace/listings"],"fullName":" GET /api/marketplace/listings should filter by sellerAddress","status":"passed","title":"should filter by sellerAddress","duration":1,"failureMessages":[]},{"ancestorTitles":["","GET /api/marketplace/listings"],"fullName":" GET /api/marketplace/listings should filter by price range","status":"passed","title":"should filter by price range","duration":2,"failureMessages":[]},{"ancestorTitles":["","GET /api/marketplace/listings"],"fullName":" GET /api/marketplace/listings should handle multiple filters","status":"passed","title":"should handle multiple filters","duration":1,"failureMessages":[]},{"ancestorTitles":["","GET /api/marketplace/listings"],"fullName":" GET /api/marketplace/listings should handle errors gracefully","status":"passed","title":"should handle errors gracefully","duration":6,"failureMessages":[]}],"startTime":1764772477841,"endTime":1764772477867,"status":"passed","message":"","name":"C:/Users/epj33/Desktop/InnKeeper/apps/web/__tests__/api/marketplace-listings.test.ts"},{"assertionResults":[{"ancestorTitles":["","GET /api/parties/[id]"],"fullName":" GET /api/parties/[id] should fetch party details with members","status":"passed","title":"should fetch party details with members","duration":6,"failureMessages":[]},{"ancestorTitles":["","GET /api/parties/[id]"],"fullName":" GET /api/parties/[id] should return 404 if party not found","status":"passed","title":"should return 404 if party not found","duration":0,"failureMessages":[]},{"ancestorTitles":["","PATCH /api/parties/[id]"],"fullName":" PATCH /api/parties/[id] should return 501 not implemented","status":"passed","title":"should return 501 not implemented","duration":0,"failureMessages":[]},{"ancestorTitles":["","DELETE /api/parties/[id]"],"fullName":" DELETE /api/parties/[id] should return 501 not implemented","status":"passed","title":"should return 501 not implemented","duration":1,"failureMessages":[]}],"startTime":1764772479146,"endTime":1764772479154,"status":"passed","message":"","name":"C:/Users/epj33/Desktop/InnKeeper/apps/web/__tests__/api/parties-id.test.ts"},{"assertionResults":[{"ancestorTitles":["","POST /api/parties/[id]/invite"],"fullName":" POST /api/parties/[id]/invite should generate invite code successfully","status":"passed","title":"should generate invite code successfully","duration":6,"failureMessages":[]},{"ancestorTitles":["","POST /api/parties/[id]/invite"],"fullName":" POST /api/parties/[id]/invite should return 400 if userId is missing","status":"passed","title":"should return 400 if userId is missing","duration":0,"failureMessages":[]},{"ancestorTitles":["","POST /api/parties/[id]/invite"],"fullName":" POST /api/parties/[id]/invite should return 500 if invite generation fails","status":"passed","title":"should return 500 if invite generation fails","duration":1,"failureMessages":[]},{"ancestorTitles":["","POST /api/parties/[id]/invite"],"fullName":" POST /api/parties/[id]/invite should handle errors gracefully","status":"passed","title":"should handle errors gracefully","duration":1,"failureMessages":[]}],"startTime":1764772479239,"endTime":1764772479248,"status":"passed","message":"","name":"C:/Users/epj33/Desktop/InnKeeper/apps/web/__tests__/api/parties-invite.test.ts"},{"assertionResults":[{"ancestorTitles":["","POST /api/parties/[id]/join"],"fullName":" POST /api/parties/[id]/join should join party successfully","status":"failed","title":"should join party successfully","duration":14,"failureMessages":["expected 400 to be 200 // Object.is equality"],"location":{"line":32,"column":29}},{"ancestorTitles":["","POST /api/parties/[id]/join"],"fullName":" POST /api/parties/[id]/join should return 400 if required fields are missing","status":"passed","title":"should return 400 if required fields are missing","duration":1,"failureMessages":[]},{"ancestorTitles":["","POST /api/parties/[id]/join"],"fullName":" POST /api/parties/[id]/join should return 403 if user does not own hero","status":"passed","title":"should return 403 if user does not own hero","duration":1,"failureMessages":[]},{"ancestorTitles":["","POST /api/parties/[id]/join"],"fullName":" POST /api/parties/[id]/join should return 400 if party is full or not found","status":"passed","title":"should return 400 if party is full or not found","duration":2,"failureMessages":[]},{"ancestorTitles":["","POST /api/parties/[id]/join"],"fullName":" POST /api/parties/[id]/join should handle errors gracefully","status":"passed","title":"should handle errors gracefully","duration":3,"failureMessages":[]}],"startTime":1764772478400,"endTime":1764772478422,"status":"failed","message":"","name":"C:/Users/epj33/Desktop/InnKeeper/apps/web/__tests__/api/parties-join.test.ts"},{"assertionResults":[{"ancestorTitles":["","POST /api/parties"],"fullName":" POST /api/parties should create a party successfully","status":"failed","title":"should create a party successfully","duration":18,"failureMessages":["expected \"spy\" to be called with arguments: [ 'user-123', 'dungeon-456' ]\u001b[90m\n\nReceived: \n\n\u001b[1m  1st spy call:\n\n\u001b[22m\u001b[2m  Array [\u001b[22m\n\u001b[2m    \"user-123\",\u001b[22m\n\u001b[2m    \"dungeon-456\",\u001b[22m\n\u001b[31m+   undefined,\u001b[90m\n\u001b[2m  ]\u001b[22m\n\u001b[39m\u001b[90m\n\nNumber of calls: \u001b[1m1\u001b[22m\n\u001b[39m"],"location":{"line":36,"column":44}},{"ancestorTitles":["","POST /api/parties"],"fullName":" POST /api/parties should return 400 if ownerId is missing","status":"passed","title":"should return 400 if ownerId is missing","duration":1,"failureMessages":[]},{"ancestorTitles":["","POST /api/parties"],"fullName":" POST /api/parties should return 500 if party creation fails","status":"passed","title":"should return 500 if party creation fails","duration":1,"failureMessages":[]},{"ancestorTitles":["","POST /api/parties"],"fullName":" POST /api/parties should handle errors gracefully","status":"passed","title":"should handle errors gracefully","duration":4,"failureMessages":[]},{"ancestorTitles":["","GET /api/parties"],"fullName":" GET /api/parties should fetch user parties successfully","status":"passed","title":"should fetch user parties successfully","duration":2,"failureMessages":[]},{"ancestorTitles":["","GET /api/parties"],"fullName":" GET /api/parties should return 400 if userId is missing","status":"passed","title":"should return 400 if userId is missing","duration":1,"failureMessages":[]},{"ancestorTitles":["","GET /api/parties"],"fullName":" GET /api/parties should handle errors gracefully","status":"passed","title":"should handle errors gracefully","duration":1,"failureMessages":[]}],"startTime":1764772478385,"endTime":1764772478413,"status":"failed","message":"","name":"C:/Users/epj33/Desktop/InnKeeper/apps/web/__tests__/api/parties.test.ts"},{"assertionResults":[{"ancestorTitles":["","GET /api/runs/[id]"],"fullName":" GET /api/runs/[id] should return run with logs and events","status":"passed","title":"should return run with logs and events","duration":10,"failureMessages":[]},{"ancestorTitles":["","GET /api/runs/[id]"],"fullName":" GET /api/runs/[id] should return 404 if run not found","status":"passed","title":"should return 404 if run not found","duration":1,"failureMessages":[]},{"ancestorTitles":["","GET /api/runs/[id]"],"fullName":" GET /api/runs/[id] should handle errors gracefully","status":"passed","title":"should handle errors gracefully","duration":1,"failureMessages":[]}],"startTime":1764772478073,"endTime":1764772478085,"status":"passed","message":"","name":"C:/Users/epj33/Desktop/InnKeeper/apps/web/__tests__/api/runs-id.test.ts"},{"assertionResults":[{"ancestorTitles":["","POST /api/runs"],"fullName":" POST /api/runs should create a run and enqueue job","status":"passed","title":"should create a run and enqueue job","duration":14,"failureMessages":[]},{"ancestorTitles":["","POST /api/runs"],"fullName":" POST /api/runs should return 400 if dungeonId is missing","status":"passed","title":"should return 400 if dungeonId is missing","duration":3,"failureMessages":[]},{"ancestorTitles":["","POST /api/runs"],"fullName":" POST /api/runs should return 400 if party is missing","status":"passed","title":"should return 400 if party is missing","duration":3,"failureMessages":[]},{"ancestorTitles":["","POST /api/runs"],"fullName":" POST /api/runs should return 400 if party is empty array","status":"passed","title":"should return 400 if party is empty array","duration":2,"failureMessages":[]},{"ancestorTitles":["","POST /api/runs"],"fullName":" POST /api/runs should return 500 if database insert fails","status":"passed","title":"should return 500 if database insert fails","duration":3,"failureMessages":[]},{"ancestorTitles":["","POST /api/runs"],"fullName":" POST /api/runs should generate seed if not provided","status":"passed","title":"should generate seed if not provided","duration":1,"failureMessages":[]}],"startTime":1764772478175,"endTime":1764772478201,"status":"passed","message":"","name":"C:/Users/epj33/Desktop/InnKeeper/apps/web/__tests__/api/runs.test.ts"},{"assertionResults":[{"ancestorTitles":["","heroMinting","generateMetadata"],"fullName":" heroMinting generateMetadata should generate correct metadata structure","status":"passed","title":"should generate correct metadata structure","duration":2,"failureMessages":[]},{"ancestorTitles":["","heroMinting","mintHero"],"fullName":" heroMinting mintHero should upload metadata and call contract","status":"failed","title":"should upload metadata and call contract","duration":420,"failureMessages":["Failed to parse URL from /api/pricing/sign"],"location":{"line":213,"column":26}}],"startTime":1764772478823,"endTime":1764772479246,"status":"failed","message":"","name":"C:/Users/epj33/Desktop/InnKeeper/apps/web/__tests__/services/heroMinting.test.ts"},{"assertionResults":[{"ancestorTitles":["","keepTokenService","getBalance"],"fullName":" keepTokenService getBalance should return balance as string","status":"passed","title":"should return balance as string","duration":1,"failureMessages":[]},{"ancestorTitles":["","keepTokenService","getBalance"],"fullName":" keepTokenService getBalance should return 0 on error","status":"passed","title":"should return 0 on error","duration":3,"failureMessages":[]},{"ancestorTitles":["","keepTokenService","formatBalance"],"fullName":" keepTokenService formatBalance should format wei to ether with 2 decimals","status":"passed","title":"should format wei to ether with 2 decimals","duration":1,"failureMessages":[]},{"ancestorTitles":["","keepTokenService","formatBalance"],"fullName":" keepTokenService formatBalance should handle BigInt input","status":"passed","title":"should handle BigInt input","duration":0,"failureMessages":[]}],"startTime":1764772479298,"endTime":1764772479303,"status":"passed","message":"","name":"C:/Users/epj33/Desktop/InnKeeper/apps/web/__tests__/services/keepToken.test.ts"},{"assertionResults":[{"ancestorTitles":["","metadataStorage","upload"],"fullName":" metadataStorage upload should return data URI for small metadata","status":"failed","title":"should return data URI for small metadata","duration":731,"failureMessages":["expected 'ipfs://bafkreih4hijdxnkkmxvyd2rgjxryc…' to contain 'data:application/json;base64,'"],"location":{"line":9,"column":25}},{"ancestorTitles":["","metadataStorage","upload"],"fullName":" metadataStorage upload should return ipfs URI for large metadata (mock)","status":"passed","title":"should return ipfs URI for large metadata (mock)","duration":438,"failureMessages":[]},{"ancestorTitles":["","metadataStorage","getHttpUrl"],"fullName":" metadataStorage getHttpUrl should convert ipfs:// to https://ipfs.io/ipfs/","status":"failed","title":"should convert ipfs:// to https://ipfs.io/ipfs/","duration":1,"failureMessages":["expected 'https://gateway.pinata.cloud/ipfs/QmH…' to be 'https://ipfs.io/ipfs/QmHash' // Object.is equality"],"location":{"line":22,"column":53}},{"ancestorTitles":["","metadataStorage","getHttpUrl"],"fullName":" metadataStorage getHttpUrl should return http urls as is","status":"passed","title":"should return http urls as is","duration":0,"failureMessages":[]}],"startTime":1764772478947,"endTime":1764772480117,"status":"failed","message":"","name":"C:/Users/epj33/Desktop/InnKeeper/apps/web/__tests__/services/metadataStorage.test.ts"},{"assertionResults":[{"ancestorTitles":["","spriteRenderer"],"fullName":" spriteRenderer should generate correct sprite URL","status":"passed","title":"should generate correct sprite URL","duration":1,"failureMessages":[]},{"ancestorTitles":["","spriteRenderer"],"fullName":" spriteRenderer should generate default color palette for classes","status":"passed","title":"should generate default color palette for classes","duration":1,"failureMessages":[]},{"ancestorTitles":["","spriteRenderer"],"fullName":" spriteRenderer should return color filter (currently placeholder)","status":"passed","title":"should return color filter (currently placeholder)","duration":0,"failureMessages":[]}],"startTime":1764772478908,"endTime":1764772478910,"status":"passed","message":"","name":"C:/Users/epj33/Desktop/InnKeeper/apps/web/__tests__/services/spriteRenderer.test.ts"},{"assertionResults":[{"ancestorTitles":["","RunWorker"],"fullName":" RunWorker should process run job successfully","status":"passed","title":"should process run job successfully","duration":1018,"failureMessages":[]},{"ancestorTitles":["","RunWorker"],"fullName":" RunWorker should handle dungeon not found error","status":"passed","title":"should handle dungeon not found error","duration":1,"failureMessages":[]},{"ancestorTitles":["","RunWorker"],"fullName":" RunWorker should update run with error status on failure","status":"passed","title":"should update run with error status on failure","duration":1,"failureMessages":[]}],"startTime":1764772477654,"endTime":1764772478674,"status":"passed","message":"","name":"C:/Users/epj33/Desktop/InnKeeper/apps/web/__tests__/workers/runWorker.test.ts"}]}